  vector.cpp
D:\Dazhi-Project\ProgrammingFinance\Homework3-vector\Project1\vector.cpp(269,42): warning C4244: “=”: 从“_Ty”转换到“float”，可能丢失数据
          with
          [
              _Ty=int
          ]
D:\Dazhi-Project\ProgrammingFinance\Homework3-vector\Project1\vector.cpp(270,42): warning C4244: “=”: 从“_Ty”转换到“float”，可能丢失数据
          with
          [
              _Ty=int
          ]
D:\Dazhi-Project\ProgrammingFinance\Homework3-vector\Project1\vector.cpp(271,42): warning C4244: “=”: 从“_Ty”转换到“float”，可能丢失数据
          with
          [
              _Ty=int
          ]
D:\Dazhi-Project\ProgrammingFinance\Homework3-vector\Project1\vector.cpp(272,42): warning C4244: “=”: 从“_Ty”转换到“float”，可能丢失数据
          with
          [
              _Ty=int
          ]
D:\Dazhi-Project\ProgrammingFinance\Homework3-vector\Project1\vector.cpp(273,42): warning C4244: “=”: 从“_Ty”转换到“float”，可能丢失数据
          with
          [
              _Ty=int
          ]
D:\Dazhi-Project\ProgrammingFinance\Homework3-vector\Project1\vector.cpp(274,42): warning C4244: “=”: 从“_Ty”转换到“float”，可能丢失数据
          with
          [
              _Ty=int
          ]
D:\Dazhi-Project\ProgrammingFinance\Homework3-vector\Project1\vector.cpp(275,42): warning C4244: “=”: 从“_Ty”转换到“float”，可能丢失数据
          with
          [
              _Ty=int
          ]
D:\Dazhi-Project\ProgrammingFinance\Homework3-vector\Project1\vector.cpp(276,42): warning C4244: “=”: 从“_Ty”转换到“float”，可能丢失数据
          with
          [
              _Ty=int
          ]
D:\Dazhi-Project\ProgrammingFinance\Homework3-vector\Project1\vector.cpp(277,42): warning C4244: “=”: 从“_Ty”转换到“float”，可能丢失数据
          with
          [
              _Ty=int
          ]
  LINK : 没有找到 D:\Dazhi-Project\ProgrammingFinance\Homework3-vector\Debug\Project1.exe 或上一个增量链接没有生成它；正在执行完全链接
  Project1.vcxproj -> D:\Dazhi-Project\ProgrammingFinance\Homework3-vector\Debug\Project1.exe
